2025-12-11 22:47:51: Servidor corriendo en puerto 3000
2025-12-11 22:47:51: DNS configurado: http://ec2-18-223-32-141.us-east-2.compute.amazonaws.com
2025-12-11 22:47:51: 🚀 Iniciando sistema...
2025-12-11 22:47:51: 🔧 Inicializando sistema de cuotas...
2025-12-11 22:47:51: 📅 Generando cuotas restantes para 2025...
2025-12-11 22:47:51: ℹ️  Ya existen cuotas para Diciembre 2025
2025-12-11 22:47:51: 📅 Generando cuotas para 2026...
2025-12-11 22:47:51: ℹ️  Ya existen cuotas para Enero 2026
2025-12-11 22:47:51: ℹ️  Ya existen cuotas para Febrero 2026
2025-12-11 22:47:51: ℹ️  Ya existen cuotas para Marzo 2026
2025-12-11 22:47:51: ℹ️  Ya existen cuotas para Abril 2026
2025-12-11 22:47:51: ℹ️  Ya existen cuotas para Mayo 2026
2025-12-11 22:47:51: ℹ️  Ya existen cuotas para Junio 2026
2025-12-11 22:47:51: ℹ️  Ya existen cuotas para Julio 2026
2025-12-11 22:47:51: ℹ️  Ya existen cuotas para Agosto 2026
2025-12-11 22:47:51: ℹ️  Ya existen cuotas para Septiembre 2026
2025-12-11 22:47:51: ℹ️  Ya existen cuotas para Octubre 2026
2025-12-11 22:47:51: ℹ️  Ya existen cuotas para Noviembre 2026
2025-12-11 22:47:51: ℹ️  Ya existen cuotas para Diciembre 2026
2025-12-11 22:47:51: 🎉 Sistema de cuotas inicializado. Total: 0 cuotas generadas
2025-12-11 22:47:51: 📅 2 cuotas marcadas como vencidas
2025-12-11 22:47:51: ✅ Sistema inicializado correctamente
2025-12-11 22:47:51: ✅ Backup creado: data-backup-2025-12-12T04-47-51-434Z-startup.json
2025-12-11 22:47:51: 📊 Tamaño: 41.05 KB
2025-12-11 22:47:51: 🗑️ Backup antiguo eliminado: data-backup-2025-11-23T07-30-49-145Z-startup.json
2025-12-11 22:47:51: Respaldos automáticos configurados cada 60 minutos
